<?xml version="1.0" encoding="UTF-8"?>
<!-- Generated by org.testng.reporters.JUnitXMLReporter -->
<testsuite ignored="0" hostname="Kasu" failures="1" tests="4" name="Test" time="25.352" errors="0" timestamp="2021-11-08T17:19:02 CST">
  <testcase classname="testngMaven.Navigations" name="navigationPage" time="7.12"/>
  <testcase classname="testngMaven.Navigations" name="navigationPage" time="6.856"/>
  <testcase classname="testngMaven.AssetValidations" name="validations" time="0.036">
    <failure type="java.lang.AssertionError" message="expected [Featured COurce] but found [FEATURED COURSES]">
      <![CDATA[java.lang.AssertionError: expected [Featured COurce] but found [FEATURED COURSES]
at testngMaven.AssetValidations.validations(AssetValidations.java:26)
at java.base/java.util.ArrayList.forEach(ArrayList.java:1511)
... Removed 33 stack frames]]>
    </failure>
  </testcase> <!-- validations -->
  <testcase classname="testngMaven.ValidateNavigationBar" name="validations" time="0.07"/>
</testsuite> <!-- Test -->
