<?xml version="1.0" encoding="UTF-8"?>
<!-- Generated by org.testng.reporters.JUnitXMLReporter -->
<testsuite ignored="0" hostname="Kasu" failures="1" tests="1" name="Test2" time="5.314" errors="0" timestamp="2021-11-10T21:31:21 CST">
  <testcase classname="testngMaven.AssetValidations" name="validations" time="0.038">
    <failure type="java.lang.AssertionError" message="expected [Featured COurce] but found [FEATURED COURSES]">
      <![CDATA[java.lang.AssertionError: expected [Featured COurce] but found [FEATURED COURSES]
at testngMaven.AssetValidations.validations(AssetValidations.java:28)
at java.base/java.util.ArrayList.forEach(ArrayList.java:1541)
... Removed 37 stack frames]]>
    </failure>
  </testcase> <!-- validations -->
</testsuite> <!-- Test2 -->
