<?xml version="1.0" encoding="UTF-8"?>
<!-- Generated by org.testng.reporters.JUnitXMLReporter -->
<testsuite ignored="0" hostname="Kasu" failures="1" tests="4" name="Test" time="27.439" errors="0" timestamp="2021-11-08T17:13:23 CST">
  <testcase classname="testngMaven.Navigations" name="navigationPage" time="7.413"/>
  <testcase classname="testngMaven.Navigations" name="navigationPage" time="8.637"/>
  <testcase classname="testngMaven.AssetValidations" name="validations" time="0.04">
    <failure type="java.lang.AssertionError" message="expected [Featured COurce] but found [FEATURED COURSES]">
      <![CDATA[java.lang.AssertionError: expected [Featured COurce] but found [FEATURED COURSES]
at testngMaven.AssetValidations.validations(AssetValidations.java:23)
at java.base/java.util.ArrayList.forEach(ArrayList.java:1541)
... Removed 37 stack frames]]>
    </failure>
  </testcase> <!-- validations -->
  <testcase classname="testngMaven.ValidateNavigationBar" name="validations" time="0.061"/>
</testsuite> <!-- Test -->
